<?xml version="1.0" encoding="UTF-8"?>
<!-- Generated by org.testng.reporters.JUnitReportReporter -->
<testsuite hostname="DESKTOP-0QBGJSL" failures="0" tests="15" name="RequressAssignments.ReqressAllEndPoints" time="10.725" errors="0" timestamp="2024-09-26T15:34:42 IST" skipped="0">
  <testcase classname="RequressAssignments.ReqressAllEndPoints" name="delete" time="0.373"/>
  <testcase classname="RequressAssignments.ReqressAllEndPoints" name="registerUnSuccessfull" time="0.388"/>
  <testcase classname="RequressAssignments.ReqressAllEndPoints" name="singleResourse" time="0.071"/>
  <testcase classname="RequressAssignments.ReqressAllEndPoints" name="singleResourseNotFound" time="0.377"/>
  <testcase classname="RequressAssignments.ReqressAllEndPoints" name="loginSuccessfull" time="0.359"/>
  <testcase classname="RequressAssignments.ReqressAllEndPoints" name="singleUserNotFound" time="0.070"/>
  <testcase classname="RequressAssignments.ReqressAllEndPoints" name="delayResponse" time="3.615"/>
  <testcase classname="RequressAssignments.ReqressAllEndPoints" name="create" time="3.790"/>
  <testcase classname="RequressAssignments.ReqressAllEndPoints" name="listOfResourse" time="0.073"/>
  <testcase classname="RequressAssignments.ReqressAllEndPoints" name="loginUnSuccessfull" time="0.365"/>
  <testcase classname="RequressAssignments.ReqressAllEndPoints" name="singleUser" time="0.057"/>
  <testcase classname="RequressAssignments.ReqressAllEndPoints" name="registerSuccessfull" time="0.385"/>
  <testcase classname="RequressAssignments.ReqressAllEndPoints" name="update" time="0.370"/>
  <testcase classname="RequressAssignments.ReqressAllEndPoints" name="update1" time="0.369"/>
  <testcase classname="RequressAssignments.ReqressAllEndPoints" name="listUsers" time="0.063"/>
</testsuite> <!-- RequressAssignments.ReqressAllEndPoints -->
