<?xml version="1.0" encoding="UTF-8"?>
<!-- Generated by org.testng.reporters.JUnitReportReporter -->
<testsuite hostname="DESKTOP-0QBGJSL" failures="0" tests="1" name="ShoppersStackAssignment.ShoppersLogin" time="8.020" errors="0" timestamp="2024-09-14T12:49:37 IST" skipped="0">
  <testcase classname="ShoppersStackAssignment.ShoppersLogin" name="reqChainingTest" time="8.020"/>
</testsuite> <!-- ShoppersStackAssignment.ShoppersLogin -->
